<?xml version="1.0" encoding="UTF-8"?>
<!-- Generated by org.testng.reporters.JUnitReportReporter -->
<testsuite hostname="MYTSP01788" failures="0" tests="4" name="com.gk.test.RunSingleSuite" time="0.209" errors="0" timestamp="01 Dec 2020 06:33:47 GMT" skipped="0">
  <testcase classname="com.gk.test.RunSingleSuite" name="runScenario" time="0.002"/>
  <testcase classname="com.gk.test.RunSingleSuite" name="runScenario" time="0.001"/>
  <testcase classname="com.gk.test.RunSingleSuite" name="runScenario" time="0.001"/>
  <testcase classname="com.gk.test.RunSingleSuite" name="runScenario" time="0.205"/>
</testsuite> <!-- com.gk.test.RunSingleSuite -->
